-------------------------------------------------------------------------------
Test set: com.shoestore.shoes.ShoesApplicationTests
-------------------------------------------------------------------------------
Tests run: 1, Failures: 0, Errors: 1, Skipped: 0, Time elapsed: 7.074 s <<< FAILURE! - in com.shoestore.shoes.ShoesApplicationTests
contextLoads  Time elapsed: 0.002 s  <<< ERROR!
java.lang.IllegalStateException: Failed to load ApplicationContext
Caused by: org.springframework.beans.factory.BeanCreationException: Error creating bean with name 'entityManagerFactory' defined in class path resource [org/springframework/boot/autoconfigure/orm/jpa/HibernateJpaConfiguration.class]: Invocation of init method failed; nested exception is org.hibernate.AnnotationException: @OneToOne or @ManyToOne on com.shoestore.shoes.domain.Shoes.colorId references an unknown entity: com.shoestore.shoes.domain.Color
Caused by: org.hibernate.AnnotationException: @OneToOne or @ManyToOne on com.shoestore.shoes.domain.Shoes.colorId references an unknown entity: com.shoestore.shoes.domain.Color

